\BOOKMARK [1][-]{section.1}{The Schur Transform}{}% 1
\BOOKMARK [1][-]{section.2}{Streaming Scheme}{}% 2
\BOOKMARK [1][-]{section.3}{Implementing the Clebsch-Gordan Transform}{}% 3
\BOOKMARK [2][-]{subsection.3.1}{Clebsch-Gordan transform for 2 qubits}{section.3}% 4
\BOOKMARK [3][-]{subsubsection.3.1.1}{Clebsch-Gordan coefficients for 3 qubits}{subsection.3.1}% 5
\BOOKMARK [3][-]{subsubsection.3.1.2}{4 Qubit CG coefficients}{subsection.3.1}% 6
\BOOKMARK [2][-]{subsection.3.2}{Glebsch-Gordan circuits}{section.3}% 7
\BOOKMARK [3][-]{subsubsection.3.2.1}{2 qubit circuit}{subsection.3.2}% 8
\BOOKMARK [3][-]{subsubsection.3.2.2}{Circuit for 3 qubit transform}{subsection.3.2}% 9
\BOOKMARK [3][-]{subsubsection.3.2.3}{Circuit for 4 qubit transform}{subsection.3.2}% 10
\BOOKMARK [1][-]{section.4}{General circuit for the Quantum Schur transform Fig. 7}{}% 11
\BOOKMARK [2][-]{subsection.4.1}{Registering J \046 M explicitly Fig. 4, Fig. 5}{section.4}% 12
\BOOKMARK [1][-]{section.5}{Reduced general gate circuit for up to the 2 qubit Schur transform Fig. 6}{}% 13
\BOOKMARK [1][-]{section.6}{Conclusion}{}% 14
\BOOKMARK [1][-]{appendix.A}{Appendix: Maths}{}% 15
\BOOKMARK [2][-]{subsection.A.1}{3 Qubit transformation}{appendix.A}% 16
\BOOKMARK [2][-]{subsection.A.2}{3 Qubit phase encoding}{appendix.A}% 17
\BOOKMARK [2][-]{subsection.A.3}{4 Qubit CG coefficients}{appendix.A}% 18
\BOOKMARK [2][-]{subsection.A.4}{Rotation matrix for J \046 M values}{appendix.A}% 19
\BOOKMARK [1][-]{appendix.A}{Appendix- Circuits}{}% 20
\BOOKMARK [1][-]{appendix.A}{Appendix- Fortran code}{}% 21
